INFO:root:Попытка получить дату
INFO:root:Дата успешно получена 20240126
INFO:root:Начинаю проверку флагового файла
INFO:root:Продолжаю выполнение - флаговый файл отсутствует
INFO:root:Запускаю получение данных из конфига
INFO:root:Данные из конфига получены
INFO:root:Пытаюсь получить данные из ЦБ
DEBUG:root:Start func get_data_from_cb
DEBUG:urllib3.connectionpool:Starting new HTTPS connection (1): www.cbr-xml-daily.ru:443
DEBUG:urllib3.connectionpool:https://www.cbr-xml-daily.ru:443 "GET /daily_json.js HTTP/1.1" 200 2054
DEBUG:root:data successfully received from the Central Bank
DEBUG:root:json has been successfully received
DEBUG:root:An empty dictionary has been created
DEBUG:root:fuction return data {'AUD': 58.857, 'AZN': 52.656, 'GBP': 113.685, 'AMD': 0.222, 'BYN': 28.112, 'BGN': 49.856, 'BRL': 18.184, 'HUF': 0.251, 'VND': 0.004, 'HKD': 11.476, 'GEL': 33.44, 'DKK': 13.078, 'AED': 24.375, 'USD': 89.516, 'EUR': 97.094, 'EGP': 2.898, 'INR': 1.077, 'IDR': 0.006, 'KZT': 0.201, 'CAD': 66.328, 'QAR': 24.592, 'KGS': 1.002, 'CNY': 12.438, 'MDL': 5.047, 'NZD': 54.658, 'NOK': 8.561, 'PLN': 22.161, 'RON': 19.54, 'XDR': 119.307, 'SGD': 66.818, 'TJS': 8.174, 'THB': 2.509, 'TRY': 2.96, 'TMT': 25.576, 'UZS': 0.007, 'UAH': 2.382, 'CZK': 3.938, 'SEK': 8.591, 'CHF': 103.487, 'RSD': 0.828, 'ZAR': 4.732, 'KRW': 0.067, 'JPY': 0.606}
INFO:root:Получил данные из ЦБ
INFO:root:Пытаюсь создать подключение к БД
INFO:root:Создал подключение к БД
INFO:root:Пытаюсь внести данные в БД
INFO:root:Внес данные в БД
INFO:root:Проверяю результат внесения в бд
INFO:root:Данные внесены в БД, флаговый файл создан!






INFO:root:Попытка получить дату
INFO:root:Дата успешно получена 20240126
INFO:root:Начинаю проверку флагового файла
INFO:root:Заканчиваю выполнение - флаговый файл сушествует


INFO:root:Попытка получить дату
INFO:root:Дата успешно получена 20240126
INFO:root:Начинаю проверку флагового файла
INFO:root:Продолжаю выполнение - флаговый файл отсутствует
INFO:root:Запускаю получение данных из конфига
INFO:root:Данные из конфига получены
INFO:root:Пытаюсь получить данные из ЦБ
INFO:root:Получил данные из ЦБ
INFO:root:Пытаюсь создать подключение к БД
INFO:root:Создал подключение к БД
INFO:root:Пытаюсь внести данные в БД
INFO:root:Внес данные в БД
INFO:root:Проверяю результат внесения в бд
INFO:root:Данные внесены в БД, флаговый файл создан!





INFO:root:Попытка получить дату
INFO:root:Дата успешно получена 20240126
INFO:root:Начинаю проверку флагового файла
INFO:root:Продолжаю выполнение - флаговый файл отсутствует
INFO:root:Запускаю получение данных из конфига

INFO:root:Попытка получить дату
INFO:root:Дата успешно получена 20240126
INFO:root:Начинаю проверку флагового файла
INFO:root:Продолжаю выполнение - флаговый файл отсутствует
INFO:root:Запускаю получение данных из конфига
INFO:root:Данные из конфига получены
INFO:root:Пытаюсь получить данные из ЦБ



INFO:root:Попытка получить дату
INFO:root:Дата успешно получена 20240126
INFO:root:Начинаю проверку флагового файла
INFO:root:Продолжаю выполнение - флаговый файл отсутствует
INFO:root:Запускаю получение данных из конфига
INFO:root:Данные из конфига получены
INFO:root:Пытаюсь получить данные из ЦБ
DEBUG:root:Start func get_data_from_cb
DEBUG:urllib3.connectionpool:Starting new HTTPS connection (1): www.cbr-xml-daily.ru:443
DEBUG:urllib3.connectionpool:https://www.cbr-xml-daily.ru:443 "GET /daily_json.js HTTP/1.1" 200 2054
DEBUG:root:data successfully received from the Central Bank

INFO:root:Попытка получить дату
INFO:root:Дата успешно получена 20240126
INFO:root:Начинаю проверку флагового файла
INFO:root:Продолжаю выполнение - флаговый файл отсутствует
INFO:root:Запускаю получение данных из конфига
INFO:root:Данные из конфига получены
INFO:root:Пытаюсь получить данные из ЦБ
DEBUG:root:Start func get_data_from_cb
DEBUG:urllib3.connectionpool:Starting new HTTPS connection (1): www.cbr-xml-daily.ru:443
DEBUG:urllib3.connectionpool:https://www.cbr-xml-daily.ru:443 "GET /daily_json.js HTTP/1.1" 200 2054
DEBUG:root:data successfully received from the Central Bank
DEBUG:root:json has been successfully received
DEBUG:root:An empty dictionary has been created
DEBUG:root:fuction return data {'AUD': 58.857, 'AZN': 52.656, 'GBP': 113.685, 'AMD': 0.222, 'BYN': 28.112, 'BGN': 49.856, 'BRL': 18.184, 'HUF': 0.251, 'VND': 0.004, 'HKD': 11.476, 'GEL': 33.44, 'DKK': 13.078, 'AED': 24.375, 'USD': 89.516, 'EUR': 97.094, 'EGP': 2.898, 'INR': 1.077, 'IDR': 0.006, 'KZT': 0.201, 'CAD': 66.328, 'QAR': 24.592, 'KGS': 1.002, 'CNY': 12.438, 'MDL': 5.047, 'NZD': 54.658, 'NOK': 8.561, 'PLN': 22.161, 'RON': 19.54, 'XDR': 119.307, 'SGD': 66.818, 'TJS': 8.174, 'THB': 2.509, 'TRY': 2.96, 'TMT': 25.576, 'UZS': 0.007, 'UAH': 2.382, 'CZK': 3.938, 'SEK': 8.591, 'CHF': 103.487, 'RSD': 0.828, 'ZAR': 4.732, 'KRW': 0.067, 'JPY': 0.606}
INFO:root:Получил данные из ЦБ
INFO:root:Пытаюсь создать подключение к БД
INFO:root:Создал подключение к БД
INFO:root:Пытаюсь внести данные в БД
INFO:root:Внес данные в БД
INFO:root:Проверяю результат внесения в бд
INFO:root:Данные внесены в БД, флаговый файл создан!
INFO:root:Попытка получить дату
INFO:root:Дата успешно получена 20240126
INFO:root:Начинаю проверку флагового файла
INFO:root:Заканчиваю выполнение - флаговый файл сушествует


ERROR:root:Не удалось подключиться к сайту ЦБ 
HTTPSConnectionPool(host='www.cbr-xml-daily.ru1', port=443): Max retries exceeded with url: /daily_json.js (Caused by NewConnectionError('<urllib3.connection.HTTPSConnection object at 0x7fb4bb7af730>: Failed to establish a new connection: [Errno -2] Name or service not known'))
[2024-01-26 19:58:06,878] [INFO] => Попытка получить дату
[2024-01-26 19:58:06,878] [INFO] => Дата успешно получена 20240126
[2024-01-26 19:58:06,878] [INFO] => Начинаю проверку флагового файла
[2024-01-26 19:58:06,878] [INFO] => Заканчиваю выполнение - флаговый файл сушествует
[2024-01-26 19:58:15,063] [INFO] => Попытка получить дату
[2024-01-26 19:58:15,063] [INFO] => Дата успешно получена 20240126
[2024-01-26 19:58:15,063] [INFO] => Начинаю проверку флагового файла
[2024-01-26 19:58:15,063] [INFO] => Продолжаю выполнение - флаговый файл отсутствует
[2024-01-26 19:58:15,063] [INFO] => Запускаю получение данных из конфига
[2024-01-26 19:58:15,064] [INFO] => Данные из конфига получены
[2024-01-26 19:58:15,064] [INFO] => Пытаюсь получить данные из ЦБ
[2024-01-26 19:58:15,064] [DEBUG] => Start func get_data_from_cb
[2024-01-26 19:58:15,065] [DEBUG] => Starting new HTTPS connection (1): www.cbr-xml-daily.ru:443
[2024-01-26 19:58:15,300] [DEBUG] => https://www.cbr-xml-daily.ru:443 "GET /daily_json.js HTTP/1.1" 200 2054
[2024-01-26 19:58:15,301] [DEBUG] => data successfully received from the Central Bank
[2024-01-26 19:58:15,301] [DEBUG] => json has been successfully received
[2024-01-26 19:58:15,301] [DEBUG] => An empty dictionary has been created
[2024-01-26 19:58:15,301] [DEBUG] => fuction return data {'AUD': 58.857, 'AZN': 52.656, 'GBP': 113.685, 'AMD': 0.222, 'BYN': 28.112, 'BGN': 49.856, 'BRL': 18.184, 'HUF': 0.251, 'VND': 0.004, 'HKD': 11.476, 'GEL': 33.44, 'DKK': 13.078, 'AED': 24.375, 'USD': 89.516, 'EUR': 97.094, 'EGP': 2.898, 'INR': 1.077, 'IDR': 0.006, 'KZT': 0.201, 'CAD': 66.328, 'QAR': 24.592, 'KGS': 1.002, 'CNY': 12.438, 'MDL': 5.047, 'NZD': 54.658, 'NOK': 8.561, 'PLN': 22.161, 'RON': 19.54, 'XDR': 119.307, 'SGD': 66.818, 'TJS': 8.174, 'THB': 2.509, 'TRY': 2.96, 'TMT': 25.576, 'UZS': 0.007, 'UAH': 2.382, 'CZK': 3.938, 'SEK': 8.591, 'CHF': 103.487, 'RSD': 0.828, 'ZAR': 4.732, 'KRW': 0.067, 'JPY': 0.606}
[2024-01-26 19:58:15,301] [INFO] => Получил данные из ЦБ
[2024-01-26 19:58:15,301] [INFO] => Пытаюсь создать подключение к БД
[2024-01-26 19:58:15,306] [INFO] => Создал подключение к БД
[2024-01-26 19:58:15,306] [INFO] => Пытаюсь внести данные в БД
[2024-01-26 19:58:15,370] [INFO] => Внес данные в БД
[2024-01-26 19:58:15,370] [INFO] => Проверяю результат внесения в бд
[2024-01-26 19:58:15,370] [INFO] => Данные внесены в БД, флаговый файл создан!
[2024-01-26 20:22:55,897] [INFO] => Попытка получить дату
[2024-01-26 20:22:55,897] [INFO] => Дата успешно получена 20240126
[2024-01-26 20:22:55,897] [INFO] => Начинаю проверку флагового файла
[2024-01-26 20:22:55,897] [INFO] => Продолжаю выполнение - флаговый файл отсутствует
[2024-01-26 20:22:55,897] [INFO] => Запускаю получение данных из конфига
[2024-01-26 20:22:55,897] [INFO] => Данные из конфига получены
[2024-01-26 20:22:55,897] [INFO] => Пытаюсь получить данные из ЦБ
[2024-01-26 20:22:55,897] [DEBUG] => Start func get_data_from_cb
[2024-01-26 20:22:55,899] [DEBUG] => Starting new HTTPS connection (1): www.cbr-xml-daily.ru:443
[2024-01-26 20:22:56,141] [DEBUG] => https://www.cbr-xml-daily.ru:443 "GET /daily_json.js HTTP/1.1" 200 2055
[2024-01-26 20:22:56,142] [DEBUG] => data successfully received from the Central Bank
[2024-01-26 20:22:56,142] [DEBUG] => json has been successfully received
[2024-01-26 20:22:56,142] [DEBUG] => An empty dictionary has been created
[2024-01-26 20:22:56,142] [DEBUG] => fuction return data {'AUD': 58.857, 'AZN': 52.656, 'GBP': 113.685, 'AMD': 0.222, 'BYN': 28.112, 'BGN': 49.856, 'BRL': 18.184, 'HUF': 0.251, 'VND': 0.004, 'HKD': 11.476, 'GEL': 33.44, 'DKK': 13.078, 'AED': 24.375, 'USD': 89.516, 'EUR': 97.094, 'EGP': 2.898, 'INR': 1.077, 'IDR': 0.006, 'KZT': 0.201, 'CAD': 66.328, 'QAR': 24.592, 'KGS': 1.002, 'CNY': 12.438, 'MDL': 5.047, 'NZD': 54.658, 'NOK': 8.561, 'PLN': 22.161, 'RON': 19.54, 'XDR': 119.307, 'SGD': 66.818, 'TJS': 8.174, 'THB': 2.509, 'TRY': 2.96, 'TMT': 25.576, 'UZS': 0.007, 'UAH': 2.382, 'CZK': 3.938, 'SEK': 8.591, 'CHF': 103.487, 'RSD': 0.828, 'ZAR': 4.732, 'KRW': 0.067, 'JPY': 0.606}
[2024-01-26 20:22:56,142] [INFO] => Получил данные из ЦБ
[2024-01-26 20:22:56,142] [INFO] => Пытаюсь создать подключение к БД
[2024-01-26 20:22:56,146] [INFO] => Создал подключение к БД
[2024-01-26 20:22:56,146] [INFO] => Пытаюсь внести данные в БД
[2024-01-26 20:22:56,197] [INFO] => Внес данные в БД
[2024-01-26 20:22:56,197] [INFO] => Проверяю результат внесения в бд
[2024-01-26 20:22:56,198] [INFO] => Данные внесены в БД, флаговый файл создан!
